d:\users\jesse\source\repos\boost\debug\vc142.pdb
d:\users\jesse\source\repos\boost\debug\vc142.idb
d:\users\jesse\source\repos\boost\debug\tcpserver.obj
d:\users\jesse\source\repos\boost\debug\tcpclient.obj
d:\users\jesse\source\repos\boost\debug\source.obj
d:\users\jesse\source\repos\boost\debug\synctcpserver.obj
d:\users\jesse\source\repos\boost\debug\asynctcpserver.obj
d:\users\jesse\source\repos\boost\debug\boost.tlog\cl.command.1.tlog
d:\users\jesse\source\repos\boost\debug\boost.tlog\cl.read.1.tlog
d:\users\jesse\source\repos\boost\debug\boost.tlog\cl.write.1.tlog
d:\users\jesse\source\repos\boost\debug\boost.tlog\link-cvtres.read.1.tlog
d:\users\jesse\source\repos\boost\debug\boost.tlog\link-cvtres.write.1.tlog
d:\users\jesse\source\repos\boost\debug\boost.tlog\link-rc.read.1.tlog
d:\users\jesse\source\repos\boost\debug\boost.tlog\link-rc.write.1.tlog
d:\users\jesse\source\repos\boost\debug\boost.tlog\link.9084-cvtres.read.1.tlog
d:\users\jesse\source\repos\boost\debug\boost.tlog\link.9084-cvtres.write.1.tlog
d:\users\jesse\source\repos\boost\debug\boost.tlog\link.9084-rc.read.1.tlog
d:\users\jesse\source\repos\boost\debug\boost.tlog\link.9084-rc.write.1.tlog
d:\users\jesse\source\repos\boost\debug\boost.tlog\link.9084.read.1.tlog
d:\users\jesse\source\repos\boost\debug\boost.tlog\link.9084.write.1.tlog
d:\users\jesse\source\repos\boost\debug\boost.tlog\link.command.1.tlog
d:\users\jesse\source\repos\boost\debug\boost.tlog\link.read.1.tlog
d:\users\jesse\source\repos\boost\debug\boost.tlog\link.write.1.tlog
