d:\users\jesse\source\repos\tictactoe\debug\vc142.pdb
d:\users\jesse\source\repos\tictactoe\debug\vc142.idb
d:\users\jesse\source\repos\tictactoe\debug\ttt .obj
d:\users\jesse\source\repos\tictactoe\debug\ttt_mc.obj
d:\github\projects\algoritmiek\opd 4\tictactoe\debug\vc142.pdb
d:\github\projects\algoritmiek\opd 4\tictactoe\debug\vc142.idb
d:\github\projects\algoritmiek\opd 4\tictactoe\debug\ttt.obj
d:\github\projects\algoritmiek\opd 4\tictactoe\debug\ttt_mc.obj
d:\users\jesse\source\repos\tictactoe\debug\tictactoe.ilk
d:\users\jesse\source\repos\tictactoe\debug\tictactoe.exe
d:\users\jesse\source\repos\tictactoe\debug\tictactoe.pdb
d:\github\projects\algoritmiek\opd 4\tictactoe\debug\tictactoe.ilk
d:\github\projects\algoritmiek\opd 4\tictactoe\debug\tictactoe.exe
d:\github\projects\algoritmiek\opd 4\tictactoe\debug\tictactoe.pdb
d:\github\projects\algoritmiek\opd 4\tictactoe\debug\ttt .obj
d:\github\projects\algoritmiek\opd 4\tictactoe\debug\tictactoe.tlog\cl.command.1.tlog
d:\github\projects\algoritmiek\opd 4\tictactoe\debug\tictactoe.tlog\cl.read.1.tlog
d:\github\projects\algoritmiek\opd 4\tictactoe\debug\tictactoe.tlog\cl.write.1.tlog
d:\github\projects\algoritmiek\opd 4\tictactoe\debug\tictactoe.tlog\link.command.1.tlog
d:\github\projects\algoritmiek\opd 4\tictactoe\debug\tictactoe.tlog\link.read.1.tlog
d:\github\projects\algoritmiek\opd 4\tictactoe\debug\tictactoe.tlog\link.write.1.tlog
